TN:
SF:src/components/Background/index.tsx
FN:8,Background
FNF:1
FNH:0
FNDA:0,Background
DA:9,0
LF:1
LH:0
BRF:0
BRH:0
end_of_record
TN:
SF:src/components/Button/index.tsx
FN:8,Button
FNF:1
FNH:1
FNDA:1,Button
DA:11,1
LF:1
LH:1
BRF:0
BRH:0
end_of_record
TN:
SF:src/components/Input/index.tsx
FN:5,Input
FNF:1
FNH:1
FNDA:1,Input
DA:6,1
LF:1
LH:1
BRF:0
BRH:0
end_of_record
TN:
SF:src/components/Loading/index.tsx
FN:3,Loading
FNF:1
FNH:0
FNDA:0,Loading
DA:4,0
LF:1
LH:0
BRF:0
BRH:0
end_of_record
TN:
SF:src/components/TaskItem/index.tsx
FN:18,TaskItem
FNF:1
FNH:0
FNDA:0,TaskItem
DA:19,0
DA:21,0
LF:2
LH:0
BRF:0
BRH:0
end_of_record
TN:
SF:src/screens/Home/index.tsx
FN:38,Home
FN:43,(anonymous_1)
FN:44,(anonymous_2)
FN:47,renderEmptyList
FN:57,renderTaskItem
FN:61,(anonymous_5)
FN:62,(anonymous_6)
FN:67,handleAddNewTask
FN:72,(anonymous_8)
FN:81,handleRemoveTask
FN:82,(anonymous_10)
FN:87,handleFinishTask
FN:88,(anonymous_12)
FN:137,(anonymous_13)
FNF:14
FNH:4
FNDA:1,Home
FNDA:1,(anonymous_1)
FNDA:0,(anonymous_2)
FNDA:1,renderEmptyList
FNDA:0,renderTaskItem
FNDA:0,(anonymous_5)
FNDA:0,(anonymous_6)
FNDA:1,handleAddNewTask
FNDA:0,(anonymous_8)
FNDA:0,handleRemoveTask
FNDA:0,(anonymous_10)
FNDA:0,handleFinishTask
FNDA:0,(anonymous_12)
FNDA:0,(anonymous_13)
DA:39,1
DA:40,1
DA:43,1
DA:44,1
DA:48,1
DA:58,0
DA:61,0
DA:62,0
DA:68,1
DA:69,1
DA:72,0
DA:78,0
DA:82,0
DA:84,0
DA:88,0
DA:89,0
DA:90,0
DA:95,0
DA:99,0
DA:102,1
DA:137,0
LF:21
LH:8
BRDA:68,0,0,1
BRDA:68,0,1,0
BRDA:89,1,0,0
BRDA:89,1,1,0
BRF:4
BRH:1
end_of_record
